<?xml version="1.0" encoding="UTF-8"?>
<!-- Generated by org.testng.reporters.JUnitReportReporter -->
<testsuite hostname="abnet" failures="0" tests="3" name="tests.CandidateRegistrationTest" time="0.055" errors="0" timestamp="2023-01-10T04:18:20 GMT-08:00" skipped="3">
  <testcase classname="tests.CandidateRegistrationTest" name="testRegister" time="0.012">
    <skipped/>
  </testcase> <!-- testRegister -->
  <system-out/>
  <testcase classname="tests.CandidateRegistrationTest" name="testRegister" time="0.034">
    <skipped/>
  </testcase> <!-- testRegister -->
  <system-out/>
  <testcase classname="tests.CandidateRegistrationTest" name="testRegister" time="0.009">
    <skipped/>
  </testcase> <!-- testRegister -->
  <system-out/>
</testsuite> <!-- tests.CandidateRegistrationTest -->
