<?xml version="1.0" encoding="UTF-8"?>
<!-- Generated by org.testng.reporters.JUnitReportReporter -->
<testsuite hostname="abnet" failures="0" tests="4" name="tests.RecruitmentRequestsTest" time="0.028" errors="0" timestamp="2023-01-10T04:18:20 GMT-08:00" skipped="4">
  <testcase classname="tests.RecruitmentRequestsTest" name="testRegister" time="0.004">
    <skipped/>
  </testcase> <!-- testRegister -->
  <system-out/>
  <testcase classname="tests.RecruitmentRequestsTest" name="testRegister" time="0.005">
    <skipped/>
  </testcase> <!-- testRegister -->
  <system-out/>
  <testcase classname="tests.RecruitmentRequestsTest" name="testRegister" time="0.005">
    <skipped/>
  </testcase> <!-- testRegister -->
  <system-out/>
  <testcase classname="tests.RecruitmentRequestsTest" name="testRegister" time="0.014">
    <skipped/>
  </testcase> <!-- testRegister -->
  <system-out/>
</testsuite> <!-- tests.RecruitmentRequestsTest -->
