<?xml version="1.0" encoding="UTF-8"?>
<!-- Generated by org.testng.reporters.JUnitReportReporter -->
<testsuite hostname="abnet" failures="0" tests="3" name="tests.Login1" time="0.033" errors="0" timestamp="2023-01-05T22:09:22 GMT-08:00" skipped="3">
  <testcase classname="tests.Login1" name="testLogin" time="0.005">
    <skipped/>
  </testcase> <!-- testLogin -->
  <system-out/>
  <testcase classname="tests.Login1" name="testLogin" time="0.021">
    <skipped/>
  </testcase> <!-- testLogin -->
  <system-out/>
  <testcase classname="tests.Login1" name="testLogin" time="0.007">
    <skipped/>
  </testcase> <!-- testLogin -->
  <system-out/>
</testsuite> <!-- tests.Login1 -->
