<?xml version="1.0" encoding="UTF-8"?>
<!-- Generated by org.testng.reporters.JUnitReportReporter -->
<testsuite hostname="abnet" failures="0" tests="3" name="tests.JobUpdate" time="105.903" errors="0" timestamp="2023-01-06T00:19:57 GMT-08:00" skipped="0">
  <testcase classname="tests.JobUpdate" name="testRegister" time="31.742"/>
  <system-out/>
  <testcase classname="tests.JobUpdate" name="testRegister" time="25.076"/>
  <system-out/>
  <testcase classname="tests.JobUpdate" name="testRegister" time="49.085"/>
  <system-out/>
</testsuite> <!-- tests.JobUpdate -->
