<?xml version="1.0" encoding="UTF-8"?>
<!-- Generated by org.testng.reporters.JUnitReportReporter -->
<testsuite hostname="abnet" failures="0" tests="3" name="tests.TalentRigister" time="162.736" errors="0" timestamp="2023-01-08T22:35:41 GMT-08:00" skipped="0">
  <testcase classname="tests.TalentRigister" name="testRegister" time="59.053"/>
  <system-out/>
  <testcase classname="tests.TalentRigister" name="testRegister" time="36.749"/>
  <system-out/>
  <testcase classname="tests.TalentRigister" name="testRegister" time="66.934"/>
  <system-out/>
</testsuite> <!-- tests.TalentRigister -->
