<?xml version="1.0" encoding="UTF-8"?>
<!-- Generated by org.testng.reporters.JUnitReportReporter -->
<testsuite hostname="abnet" failures="0" tests="3" name="tests.TalentRigister" time="0.025" errors="0" timestamp="2023-01-10T04:18:20 GMT-08:00" skipped="3">
  <testcase classname="tests.TalentRigister" name="testRegister" time="0.003">
    <skipped/>
  </testcase> <!-- testRegister -->
  <system-out/>
  <testcase classname="tests.TalentRigister" name="testRegister" time="0.020">
    <skipped/>
  </testcase> <!-- testRegister -->
  <system-out/>
  <testcase classname="tests.TalentRigister" name="testRegister" time="0.002">
    <skipped/>
  </testcase> <!-- testRegister -->
  <system-out/>
</testsuite> <!-- tests.TalentRigister -->
